{"/home/linux_user/repos/odin_testing_practice/Capitalize/capitalize.js": {"path":"/home/linux_user/repos/odin_testing_practice/Capitalize/capitalize.js","statementMap":{"0":{"start":{"line":2,"column":4},"end":{"line":2,"column":31}}},"fnMap":{"0":{"name":"Capitalize","decl":{"start":{"line":1,"column":16},"end":{"line":1,"column":26}},"loc":{"start":{"line":1,"column":34},"end":{"line":3,"column":1}},"line":1}},"branchMap":{},"s":{"0":1},"f":{"0":1},"b":{},"_coverageSchema":"1a1c01bbd47fc00a2c39e90264f33305004495a9","hash":"0bc546a9785e368372c2b3b108e6a0667c4c74dd"}
}
